2018-12-19 14:51:55,753 - App - ERROR - No sheet named <'Instructions'>
2018-12-19 14:54:21,180 - App - ERROR - No sheet named <'Instructions'>
2018-12-19 14:57:37,835 - App - ERROR - Sheet Name Not availableNo sheet named <'Instructions'>
2018-12-19 15:16:39,430 - App - ERROR - Sheet Name Not available No sheet named <'Instructions'>HR Zone.xlsx
2018-12-19 15:16:44,730 - App - ERROR - Sheet Name Not available No sheet named <'Instructions'>The Caterer.xlsx
2018-12-19 15:32:32,448 - App - ERROR - Sheet Name Not available No sheet named <'Instructions'>HR Zone.xlsx
2018-12-19 15:32:35,801 - App - ERROR - Sheet Name Not available No sheet named <'Instructions'>The Caterer.xlsx
2018-12-19 15:36:14,239 - App - ERROR - Sheet Name Not available No sheet named <'Instructions'>HR Zone.xlsx
2018-12-19 15:36:17,594 - App - ERROR - Sheet Name Not available No sheet named <'Instructions'>The Caterer.xlsx
2018-12-19 15:47:43,746 - App - ERROR - Sheet Name Not available at file HR Zone.xlsxNo sheet named <'Instructions'>
2018-12-19 15:47:46,815 - App - ERROR - Sheet Name Not available at file The Caterer.xlsxNo sheet named <'Instructions'>
2018-12-19 16:04:07,382 - App - ERROR - Sheet Name Not available at file HR Zone.xlsxNo sheet named <'Instructions'>
2018-12-19 16:04:10,723 - App - ERROR - Sheet Name Not available at file The Caterer.xlsxNo sheet named <'Instructions'>
2019-01-07 15:29:25,858 - App - ERROR - Sheet Name Not available at file Accountancy Age.xlsxNo sheet named <'Instructions'>
2019-01-07 15:29:25,992 - App - ERROR - Sheet Name Not available at file Accounting Web.xlsxNo sheet named <' Instructions'>
2019-01-07 15:29:26,151 - App - ERROR - Sheet Name Not available at file CBR.xlsxNo sheet named <' Instructions'>
2019-01-07 15:29:26,265 - App - ERROR - Sheet Name Not available at file CIMA.xlsxNo sheet named <' Instructions'>
2019-01-07 15:29:26,414 - App - ERROR - Sheet Name Not available at file CIPD.xlsxNo sheet named <'Instructions'>
2019-01-07 15:29:26,704 - App - ERROR - Sheet Name Not available at file Dax.xlsxNo sheet named <' Instructions'>
2019-01-07 15:29:26,805 - App - ERROR - Sheet Name Not available at file Dennis.xlsxNo sheet named <' Instructions'>
2019-01-07 15:29:27,147 - App - ERROR - Sheet Name Not available at file Dianomi.xlsxNo sheet named <' Instructions'>
2019-01-07 15:29:27,269 - App - ERROR - Sheet Name Not available at file eMedia.xlsxNo sheet named <' Instructions'>
2019-01-07 15:29:27,351 - App - ERROR - Sheet Name Not available at file Financial Director.xlsxNo sheet named <'Instructions'>
2019-01-07 15:29:27,461 - App - ERROR - Sheet Name Not available at file Flashtalking.xlsxNo sheet named <' Instructions'>
2019-01-07 15:29:27,558 - App - ERROR - Sheet Name Not available at file HR Connect.xlsxNo sheet named <'Instructions'>
2019-01-07 15:29:27,888 - App - ERROR - Sheet Name Not available at file HR Grapevine.xlsxNo sheet named <' Instructions'>
2019-01-07 15:29:27,960 - App - ERROR - Sheet Name Not available at file HR Magazine.xlsxNo sheet named <'Instructions'>
2019-01-07 15:29:28,049 - App - ERROR - Sheet Name Not available at file HR Zone.xlsxNo sheet named <'Instructions'>
2019-01-07 15:29:28,426 - App - ERROR - Sheet Name Not available at file Huson Media.xlsxNo sheet named <' Instructions'>
2019-01-07 15:29:28,509 - App - ERROR - Sheet Name Not available at file IDG.xlsxNo sheet named <' Instructions'>
2019-01-07 15:29:28,595 - App - ERROR - Sheet Name Not available at file Institute of Directors.xlsxNo sheet named <' Instructions'>
2019-01-07 15:29:28,822 - App - ERROR - Sheet Name Not available at file Interlink.xlsxNo sheet named <' Instructions'>
2019-01-07 15:29:29,030 - App - ERROR - Sheet Name Not available at file Leadscale.xlsxNo sheet named <' Instructions'>
2019-01-07 15:29:29,180 - App - ERROR - Sheet Name Not available at file London Loves Business.xlsxNo sheet named <' Instructions'>
2019-01-07 15:29:29,334 - App - ERROR - Sheet Name Not available at file Madison Logic.xlsxNo sheet named <' Instructions'>
2019-01-07 15:29:29,647 - App - ERROR - Sheet Name Not available at file Newstalk.xlsxNo sheet named <' Instructions'>
2019-01-07 15:29:29,736 - App - ERROR - Sheet Name Not available at file Retail Gazette.xlsxNo sheet named <' Instructions'>
2019-01-07 15:29:29,825 - App - ERROR - Sheet Name Not available at file Retail Week.xlsxNo sheet named <' Instructions'>
2019-01-07 15:29:29,920 - App - ERROR - Sheet Name Not available at file Selling Simplified.xlsxNo sheet named <' Instructions'>
2019-01-07 15:29:30,009 - App - ERROR - Sheet Name Not available at file Sift Media.xlsxNo sheet named <' Instructions'>
2019-01-07 15:29:30,107 - App - ERROR - Sheet Name Not available at file Spiceworks.xlsxNo sheet named <' Instructions'>
2019-01-07 15:29:30,226 - App - ERROR - Sheet Name Not available at file Startups.xlsxNo sheet named <' Instructions'>
2019-01-07 15:29:30,345 - App - ERROR - Sheet Name Not available at file Techpro.xlsxNo sheet named <' Instructions'>
2019-01-07 15:29:30,516 - App - ERROR - Sheet Name Not available at file TechTarget.xlsxNo sheet named <' Instructions'>
2019-01-07 15:29:30,601 - App - ERROR - Sheet Name Not available at file Template 2.xlsxNo sheet named <' Instructions'>
2019-01-07 15:29:30,684 - App - ERROR - Sheet Name Not available at file Template 3.xlsxNo sheet named <' Instructions'>
2019-01-07 15:29:30,778 - App - ERROR - Sheet Name Not available at file Template 4.xlsxNo sheet named <' Instructions'>
2019-01-07 15:29:30,868 - App - ERROR - Sheet Name Not available at file Template 5.xlsxNo sheet named <' Instructions'>
2019-01-07 15:29:30,970 - App - ERROR - Sheet Name Not available at file Template 6.xlsxNo sheet named <' Instructions'>
2019-01-07 15:29:31,063 - App - ERROR - Sheet Name Not available at file Template 7.xlsxNo sheet named <' Instructions'>
2019-01-07 15:29:31,151 - App - ERROR - Sheet Name Not available at file Template 8.xlsxNo sheet named <' Instructions'>
2019-01-07 15:29:31,236 - App - ERROR - Sheet Name Not available at file Template 9.xlsxNo sheet named <' Instructions'>
2019-01-07 15:29:31,312 - App - ERROR - Sheet Name Not available at file The Caterer.xlsxNo sheet named <'Instructions'>
2019-01-07 15:29:31,407 - App - ERROR - Sheet Name Not available at file The Irish Times.xlsxNo sheet named <' Instructions'>
2019-01-07 15:29:31,493 - App - ERROR - Sheet Name Not available at file Vitesse Media.xlsxNo sheet named <' Instructions'>
2019-01-07 15:29:31,655 - App - ERROR - Sheet Name Not available at file zTEST.xlsxNo sheet named <' Instructions'>
2019-01-07 15:34:09,045 - App - ERROR - Sheet Name Not available at file Accountancy Age.xlsxNo sheet named <'Instructions'>
2019-01-07 15:34:09,174 - App - ERROR - Sheet Name Not available at file Accounting Web.xlsxNo sheet named <' Instructions'>
2019-01-07 15:34:09,283 - App - ERROR - Sheet Name Not available at file CBR.xlsxNo sheet named <' Instructions'>
2019-01-07 15:34:09,378 - App - ERROR - Sheet Name Not available at file CIMA.xlsxNo sheet named <' Instructions'>
2019-01-07 15:34:09,542 - App - ERROR - Sheet Name Not available at file CIPD.xlsxNo sheet named <'Instructions'>
2019-01-07 15:34:09,841 - App - ERROR - Sheet Name Not available at file Dax.xlsxNo sheet named <' Instructions'>
2019-01-07 15:34:09,950 - App - ERROR - Sheet Name Not available at file Dennis.xlsxNo sheet named <' Instructions'>
2019-01-07 15:34:10,247 - App - ERROR - Sheet Name Not available at file Dianomi.xlsxNo sheet named <' Instructions'>
2019-01-07 15:34:10,341 - App - ERROR - Sheet Name Not available at file eMedia.xlsxNo sheet named <' Instructions'>
2019-01-07 15:34:10,404 - App - ERROR - Sheet Name Not available at file Financial Director.xlsxNo sheet named <'Instructions'>
2019-01-07 15:34:10,513 - App - ERROR - Sheet Name Not available at file Flashtalking.xlsxNo sheet named <' Instructions'>
2019-01-07 15:34:10,622 - App - ERROR - Sheet Name Not available at file HR Connect.xlsxNo sheet named <'Instructions'>
2019-01-07 15:34:10,921 - App - ERROR - Sheet Name Not available at file HR Grapevine.xlsxNo sheet named <' Instructions'>
2019-01-07 15:34:11,000 - App - ERROR - Sheet Name Not available at file HR Magazine.xlsxNo sheet named <'Instructions'>
2019-01-07 15:34:11,078 - App - ERROR - Sheet Name Not available at file HR Zone.xlsxNo sheet named <'Instructions'>
2019-01-07 15:34:11,375 - App - ERROR - Sheet Name Not available at file Huson Media.xlsxNo sheet named <' Instructions'>
2019-01-07 15:34:11,469 - App - ERROR - Sheet Name Not available at file IDG.xlsxNo sheet named <' Instructions'>
2019-01-07 15:34:11,562 - App - ERROR - Sheet Name Not available at file Institute of Directors.xlsxNo sheet named <' Instructions'>
2019-01-07 15:34:11,779 - App - ERROR - Sheet Name Not available at file Interlink.xlsxNo sheet named <' Instructions'>
2019-01-07 15:34:12,003 - App - ERROR - Sheet Name Not available at file Leadscale.xlsxNo sheet named <' Instructions'>
2019-01-07 15:34:12,128 - App - ERROR - Sheet Name Not available at file London Loves Business.xlsxNo sheet named <' Instructions'>
2019-01-07 15:34:12,269 - App - ERROR - Sheet Name Not available at file Madison Logic.xlsxNo sheet named <' Instructions'>
2019-01-07 15:34:12,549 - App - ERROR - Sheet Name Not available at file Newstalk.xlsxNo sheet named <' Instructions'>
2019-01-07 15:34:12,651 - App - ERROR - Sheet Name Not available at file Retail Gazette.xlsxNo sheet named <' Instructions'>
2019-01-07 15:34:12,733 - App - ERROR - Sheet Name Not available at file Retail Week.xlsxNo sheet named <' Instructions'>
2019-01-07 15:34:12,842 - App - ERROR - Sheet Name Not available at file Selling Simplified.xlsxNo sheet named <' Instructions'>
2019-01-07 15:34:12,936 - App - ERROR - Sheet Name Not available at file Sift Media.xlsxNo sheet named <' Instructions'>
2019-01-07 15:34:13,045 - App - ERROR - Sheet Name Not available at file Spiceworks.xlsxNo sheet named <' Instructions'>
2019-01-07 15:34:13,154 - App - ERROR - Sheet Name Not available at file Startups.xlsxNo sheet named <' Instructions'>
2019-01-07 15:34:13,249 - App - ERROR - Sheet Name Not available at file Techpro.xlsxNo sheet named <' Instructions'>
2019-01-07 15:34:13,404 - App - ERROR - Sheet Name Not available at file TechTarget.xlsxNo sheet named <' Instructions'>
2019-01-07 15:34:13,483 - App - ERROR - Sheet Name Not available at file Template 2.xlsxNo sheet named <' Instructions'>
2019-01-07 15:34:13,576 - App - ERROR - Sheet Name Not available at file Template 3.xlsxNo sheet named <' Instructions'>
2019-01-07 15:34:13,688 - App - ERROR - Sheet Name Not available at file Template 4.xlsxNo sheet named <' Instructions'>
2019-01-07 15:34:13,779 - App - ERROR - Sheet Name Not available at file Template 5.xlsxNo sheet named <' Instructions'>
2019-01-07 15:34:13,904 - App - ERROR - Sheet Name Not available at file Template 6.xlsxNo sheet named <' Instructions'>
2019-01-07 15:34:13,999 - App - ERROR - Sheet Name Not available at file Template 7.xlsxNo sheet named <' Instructions'>
2019-01-07 15:34:14,092 - App - ERROR - Sheet Name Not available at file Template 8.xlsxNo sheet named <' Instructions'>
2019-01-07 15:34:14,186 - App - ERROR - Sheet Name Not available at file Template 9.xlsxNo sheet named <' Instructions'>
2019-01-07 15:34:14,279 - App - ERROR - Sheet Name Not available at file The Caterer.xlsxNo sheet named <'Instructions'>
2019-01-07 15:34:14,358 - App - ERROR - Sheet Name Not available at file The Irish Times.xlsxNo sheet named <' Instructions'>
2019-01-07 15:34:14,467 - App - ERROR - Sheet Name Not available at file Vitesse Media.xlsxNo sheet named <' Instructions'>
2019-01-07 15:34:14,608 - App - ERROR - Sheet Name Not available at file zTEST.xlsxNo sheet named <' Instructions'>
